;  LST file generated by mikroListExporter - v.2.0 
; Date/Time: 03/09/2018 08:50:05 Õ
;----------------------------------------------

;Address Opcode 	ASM
0x0000	0x2814      	GOTO       20
_interrupt:
;MyProject.c,13 :: 		void interrupt(){     //ZCD_ISR
;MyProject.c,15 :: 		if (PIR3.ZCDIF) {
0x0004	0x3180      	MOVLP      0
0x0005	0x0020      	MOVLB      0
0x0006	0x1E13      	BTFSS      PIR3, 4
0x0007	0x2809      	GOTO       L_interrupt0
;MyProject.c,18 :: 		PIR3.ZCDIF=0;  //CLEAR ZCD INTERRUPT FLAG
0x0008	0x1213      	BCF        PIR3, 4
;MyProject.c,22 :: 		} }
L_interrupt0:
L_end_interrupt:
L__interrupt3:
0x0009	0x0009      	RETFIE     %s
; end of _interrupt
_zcd_initialize:
;MyProject.c,2 :: 		void zcd_initialize(){
;MyProject.c,3 :: 		INTCON.GIE=1;
0x000A	0x178B      	BSF        INTCON, 7
;MyProject.c,4 :: 		INTCON.PEIE=1;
0x000B	0x170B      	BSF        INTCON, 6
;MyProject.c,5 :: 		ZCD1CON=0XC2;
0x000C	0x30C2      	MOVLW      194
0x000D	0x0022      	MOVLB      2
0x000E	0x009C      	MOVWF      ZCD1CON
;MyProject.c,7 :: 		PIR3.ZCDIF=0;  //FLAG
0x000F	0x0020      	MOVLB      0
0x0010	0x1213      	BCF        PIR3, 4
;MyProject.c,8 :: 		PIE3.ZCDIE=1;   //ENABLE ZCD INT
0x0011	0x0021      	MOVLB      1
0x0012	0x1613      	BSF        PIE3, 4
;MyProject.c,11 :: 		}
L_end_zcd_initialize:
0x0013	0x0008      	RETURN
; end of _zcd_initialize
_main:
;MyProject.c,25 :: 		void main() {
;MyProject.c,26 :: 		LATA=0x00;
0x0014	0x0022      	MOVLB      2
0x0015	0x018C      	CLRF       LATA
;MyProject.c,27 :: 		trisa=0x04;
0x0016	0x3004      	MOVLW      4
0x0017	0x0021      	MOVLB      1
0x0018	0x008C      	MOVWF      TRISA
;MyProject.c,28 :: 		ANSELA=0x00;
0x0019	0x0023      	MOVLB      3
0x001A	0x018C      	CLRF       ANSELA
;MyProject.c,29 :: 		WPUA= 0x00;
0x001B	0x0024      	MOVLB      4
0x001C	0x018C      	CLRF       WPUA
;MyProject.c,30 :: 		trisc=0x00;
0x001D	0x0021      	MOVLB      1
0x001E	0x018E      	CLRF       TRISC
;MyProject.c,31 :: 		ANSELC=0x00;
0x001F	0x0023      	MOVLB      3
0x0020	0x018E      	CLRF       ANSELC
;MyProject.c,32 :: 		WPUC=0X00;
0x0021	0x0024      	MOVLB      4
0x0022	0x018E      	CLRF       WPUC
;MyProject.c,33 :: 		OPTION_REG.nWPUEN=0x01;
0x0023	0x0021      	MOVLB      1
0x0024	0x1795      	BSF        OPTION_REG, 7
;MyProject.c,34 :: 		RC1_bit = 0 ;
0x0025	0x0020      	MOVLB      0
0x0026	0x108E      	BCF        RC1_bit, BitPos(RC1_bit+0)
;MyProject.c,35 :: 		zcd_initialize();
0x0027	0x200A      	CALL       _zcd_initialize
;MyProject.c,36 :: 		portc=0xff;
0x0028	0x30FF      	MOVLW      255
0x0029	0x0020      	MOVLB      0
0x002A	0x008E      	MOVWF      PORTC
;MyProject.c,37 :: 		porta=0xff;
0x002B	0x30FF      	MOVLW      255
0x002C	0x008C      	MOVWF      PORTA
;MyProject.c,40 :: 		}
L_end_main:
0x002D	0x282D      	GOTO       $+0
; end of _main
Symbol List:
//** Routines locations **
//ADDRESS    SIZE    PROCEDURE
//----------------------------------------------
0x0004       [6]    _interrupt
0x000A      [10]    _zcd_initialize
0x0014      [26]    _main
//** Variables locations ** 
//ADDRESS    SIZE    VARIABLE
//----------------------------------------------
0x0000       [1]    INDF0
0x0001       [1]    INDF1
0x0003       [1]    STATUS
0x0004       [1]    FSR0L
0x0005       [1]    FSR0H
0x0006       [1]    FSR1L
0x0007       [1]    FSR1H
0x000A       [1]    PCLATH
0x000B       [1]    INTCON
0x000C       [1]    PORTA
0x000E       [1]    PORTC
0x000E       [0]    RC1_bit
0x0013       [1]    PIR3
0x0070       [1]    R0
0x0071       [1]    R1
0x0072       [1]    R2
0x0073       [1]    R3
0x0074       [1]    R4
0x0075       [1]    R5
0x0076       [1]    R6
0x0077       [1]    R7
0x0078       [1]    R8
0x0079       [1]    R9
0x007A       [1]    R10
0x007B       [1]    R11
0x007C       [1]    R12
0x007D       [1]    R13
0x007E       [1]    R14
0x007F       [1]    R15
0x008C       [1]    TRISA
0x008E       [1]    TRISC
0x0093       [1]    PIE3
0x0095       [1]    OPTION_REG
0x010C       [1]    LATA
0x011C       [1]    ZCD1CON
0x018C       [1]    ANSELA
0x018E       [1]    ANSELC
0x020C       [1]    WPUA
0x020E       [1]    WPUC
